::1 - - [12/May/2021:06:26:48 +0000] "OPTIONS /api/auth/login HTTP/1.1" 200 4 "http://localhost:4200/" "Mozilla/5.0 (Windows NT 10.0; Win64; x64) AppleWebKit/537.36 (KHTML, like Gecko) Chrome/90.0.4430.93 Safari/537.36"
::1 - - [12/May/2021:06:26:49 +0000] "POST /api/auth/login HTTP/1.1" 200 224 "http://localhost:4200/" "Mozilla/5.0 (Windows NT 10.0; Win64; x64) AppleWebKit/537.36 (KHTML, like Gecko) Chrome/90.0.4430.93 Safari/537.36"
::1 - - [12/May/2021:06:26:49 +0000] "OPTIONS /api/sauces HTTP/1.1" 200 13 "http://localhost:4200/" "Mozilla/5.0 (Windows NT 10.0; Win64; x64) AppleWebKit/537.36 (KHTML, like Gecko) Chrome/90.0.4430.93 Safari/537.36"
::1 - - [12/May/2021:06:26:49 +0000] "GET /api/sauces HTTP/1.1" 304 - "http://localhost:4200/" "Mozilla/5.0 (Windows NT 10.0; Win64; x64) AppleWebKit/537.36 (KHTML, like Gecko) Chrome/90.0.4430.93 Safari/537.36"
::1 - - [12/May/2021:06:26:49 +0000] "GET /images/mayo_1596050226119.jpg1620407371877.jpg HTTP/1.1" 404 185 "http://localhost:4200/" "Mozilla/5.0 (Windows NT 10.0; Win64; x64) AppleWebKit/537.36 (KHTML, like Gecko) Chrome/90.0.4430.93 Safari/537.36"
::1 - - [12/May/2021:06:26:49 +0000] "GET /images/ketchup_1596212384132.jpg1620408590041.jpg HTTP/1.1" 404 188 "http://localhost:4200/" "Mozilla/5.0 (Windows NT 10.0; Win64; x64) AppleWebKit/537.36 (KHTML, like Gecko) Chrome/90.0.4430.93 Safari/537.36"
::1 - - [12/May/2021:06:26:55 +0000] "OPTIONS /api/sauces/6095744b75b589089c662b6a HTTP/1.1" 200 19 "http://localhost:4200/" "Mozilla/5.0 (Windows NT 10.0; Win64; x64) AppleWebKit/537.36 (KHTML, like Gecko) Chrome/90.0.4430.93 Safari/537.36"
::1 - - [12/May/2021:06:26:55 +0000] "GET /api/sauces/6095744b75b589089c662b6a HTTP/1.1" 304 - "http://localhost:4200/" "Mozilla/5.0 (Windows NT 10.0; Win64; x64) AppleWebKit/537.36 (KHTML, like Gecko) Chrome/90.0.4430.93 Safari/537.36"
::1 - - [12/May/2021:06:26:55 +0000] "GET /images/mayo_1596050226119.jpg1620407371877.jpg HTTP/1.1" 404 185 "http://localhost:4200/" "Mozilla/5.0 (Windows NT 10.0; Win64; x64) AppleWebKit/537.36 (KHTML, like Gecko) Chrome/90.0.4430.93 Safari/537.36"
::1 - - [12/May/2021:06:26:56 +0000] "DELETE /api/sauces/6095744b75b589089c662b6a HTTP/1.1" 200 32 "http://localhost:4200/" "Mozilla/5.0 (Windows NT 10.0; Win64; x64) AppleWebKit/537.36 (KHTML, like Gecko) Chrome/90.0.4430.93 Safari/537.36"
::1 - - [12/May/2021:06:26:56 +0000] "OPTIONS /api/sauces HTTP/1.1" 200 13 "http://localhost:4200/" "Mozilla/5.0 (Windows NT 10.0; Win64; x64) AppleWebKit/537.36 (KHTML, like Gecko) Chrome/90.0.4430.93 Safari/537.36"
::1 - - [12/May/2021:06:26:57 +0000] "GET /api/sauces HTTP/1.1" 200 322 "http://localhost:4200/" "Mozilla/5.0 (Windows NT 10.0; Win64; x64) AppleWebKit/537.36 (KHTML, like Gecko) Chrome/90.0.4430.93 Safari/537.36"
::1 - - [12/May/2021:06:26:57 +0000] "GET /images/ketchup_1596212384132.jpg1620408590041.jpg HTTP/1.1" 404 188 "http://localhost:4200/" "Mozilla/5.0 (Windows NT 10.0; Win64; x64) AppleWebKit/537.36 (KHTML, like Gecko) Chrome/90.0.4430.93 Safari/537.36"
::1 - - [12/May/2021:06:26:58 +0000] "OPTIONS /api/sauces/6095790e75b589089c662b6b HTTP/1.1" 200 19 "http://localhost:4200/" "Mozilla/5.0 (Windows NT 10.0; Win64; x64) AppleWebKit/537.36 (KHTML, like Gecko) Chrome/90.0.4430.93 Safari/537.36"
::1 - - [12/May/2021:06:26:58 +0000] "GET /api/sauces/6095790e75b589089c662b6b HTTP/1.1" 200 320 "http://localhost:4200/" "Mozilla/5.0 (Windows NT 10.0; Win64; x64) AppleWebKit/537.36 (KHTML, like Gecko) Chrome/90.0.4430.93 Safari/537.36"
::1 - - [12/May/2021:06:26:58 +0000] "GET /images/ketchup_1596212384132.jpg1620408590041.jpg HTTP/1.1" 404 188 "http://localhost:4200/" "Mozilla/5.0 (Windows NT 10.0; Win64; x64) AppleWebKit/537.36 (KHTML, like Gecko) Chrome/90.0.4430.93 Safari/537.36"
::1 - - [12/May/2021:06:26:59 +0000] "DELETE /api/sauces/6095790e75b589089c662b6b HTTP/1.1" 200 32 "http://localhost:4200/" "Mozilla/5.0 (Windows NT 10.0; Win64; x64) AppleWebKit/537.36 (KHTML, like Gecko) Chrome/90.0.4430.93 Safari/537.36"
::1 - - [12/May/2021:06:26:59 +0000] "GET /api/sauces HTTP/1.1" 200 2 "http://localhost:4200/" "Mozilla/5.0 (Windows NT 10.0; Win64; x64) AppleWebKit/537.36 (KHTML, like Gecko) Chrome/90.0.4430.93 Safari/537.36"
::1 - - [12/May/2021:06:32:53 +0000] "OPTIONS /api/sauces HTTP/1.1" 200 13 "http://localhost:4200/" "Mozilla/5.0 (Windows NT 10.0; Win64; x64) AppleWebKit/537.36 (KHTML, like Gecko) Chrome/90.0.4430.93 Safari/537.36"
::1 - - [12/May/2021:06:32:53 +0000] "POST /api/sauces HTTP/1.1" 201 34 "http://localhost:4200/" "Mozilla/5.0 (Windows NT 10.0; Win64; x64) AppleWebKit/537.36 (KHTML, like Gecko) Chrome/90.0.4430.93 Safari/537.36"
::1 - - [12/May/2021:06:32:53 +0000] "GET /api/sauces HTTP/1.1" 200 1028 "http://localhost:4200/" "Mozilla/5.0 (Windows NT 10.0; Win64; x64) AppleWebKit/537.36 (KHTML, like Gecko) Chrome/90.0.4430.93 Safari/537.36"
::1 - - [12/May/2021:06:32:53 +0000] "GET /images/moutarde_1596050171762.jpg1620801173193.jpg HTTP/1.1" 200 202631 "http://localhost:4200/" "Mozilla/5.0 (Windows NT 10.0; Win64; x64) AppleWebKit/537.36 (KHTML, like Gecko) Chrome/90.0.4430.93 Safari/537.36"
::1 - - [12/May/2021:06:32:54 +0000] "OPTIONS /api/sauces/609b7695a62306270cd1b09d HTTP/1.1" 200 19 "http://localhost:4200/" "Mozilla/5.0 (Windows NT 10.0; Win64; x64) AppleWebKit/537.36 (KHTML, like Gecko) Chrome/90.0.4430.93 Safari/537.36"
::1 - - [12/May/2021:06:32:54 +0000] "GET /api/sauces/609b7695a62306270cd1b09d HTTP/1.1" 200 1026 "http://localhost:4200/" "Mozilla/5.0 (Windows NT 10.0; Win64; x64) AppleWebKit/537.36 (KHTML, like Gecko) Chrome/90.0.4430.93 Safari/537.36"
::1 - - [12/May/2021:06:32:57 +0000] "DELETE /api/sauces/609b7695a62306270cd1b09d HTTP/1.1" 200 32 "http://localhost:4200/" "Mozilla/5.0 (Windows NT 10.0; Win64; x64) AppleWebKit/537.36 (KHTML, like Gecko) Chrome/90.0.4430.93 Safari/537.36"
::1 - - [12/May/2021:06:32:57 +0000] "GET /api/sauces HTTP/1.1" 200 2 "http://localhost:4200/" "Mozilla/5.0 (Windows NT 10.0; Win64; x64) AppleWebKit/537.36 (KHTML, like Gecko) Chrome/90.0.4430.93 Safari/537.36"
::1 - - [12/May/2021:07:20:30 +0000] "OPTIONS /api/auth/signup HTTP/1.1" 200 4 "http://localhost:4200/" "Mozilla/5.0 (Windows NT 10.0; Win64; x64) AppleWebKit/537.36 (KHTML, like Gecko) Chrome/90.0.4430.93 Safari/537.36"
::1 - - [12/May/2021:07:20:30 +0000] "POST /api/auth/signup HTTP/1.1" 201 34 "http://localhost:4200/" "Mozilla/5.0 (Windows NT 10.0; Win64; x64) AppleWebKit/537.36 (KHTML, like Gecko) Chrome/90.0.4430.93 Safari/537.36"
::1 - - [12/May/2021:07:20:30 +0000] "OPTIONS /api/auth/login HTTP/1.1" 200 4 "http://localhost:4200/" "Mozilla/5.0 (Windows NT 10.0; Win64; x64) AppleWebKit/537.36 (KHTML, like Gecko) Chrome/90.0.4430.93 Safari/537.36"
::1 - - [12/May/2021:07:20:30 +0000] "POST /api/auth/login HTTP/1.1" 200 224 "http://localhost:4200/" "Mozilla/5.0 (Windows NT 10.0; Win64; x64) AppleWebKit/537.36 (KHTML, like Gecko) Chrome/90.0.4430.93 Safari/537.36"
::1 - - [12/May/2021:07:20:30 +0000] "OPTIONS /api/sauces HTTP/1.1" 200 13 "http://localhost:4200/" "Mozilla/5.0 (Windows NT 10.0; Win64; x64) AppleWebKit/537.36 (KHTML, like Gecko) Chrome/90.0.4430.93 Safari/537.36"
::1 - - [12/May/2021:07:20:31 +0000] "GET /api/sauces HTTP/1.1" 304 - "http://localhost:4200/" "Mozilla/5.0 (Windows NT 10.0; Win64; x64) AppleWebKit/537.36 (KHTML, like Gecko) Chrome/90.0.4430.93 Safari/537.36"
::1 - - [12/May/2021:07:20:58 +0000] "OPTIONS /api/sauces HTTP/1.1" 200 13 "http://localhost:4200/" "Mozilla/5.0 (Windows NT 10.0; Win64; x64) AppleWebKit/537.36 (KHTML, like Gecko) Chrome/90.0.4430.93 Safari/537.36"
::1 - - [12/May/2021:07:20:58 +0000] "POST /api/sauces HTTP/1.1" 201 34 "http://localhost:4200/" "Mozilla/5.0 (Windows NT 10.0; Win64; x64) AppleWebKit/537.36 (KHTML, like Gecko) Chrome/90.0.4430.93 Safari/537.36"
::1 - - [12/May/2021:07:20:58 +0000] "GET /api/sauces HTTP/1.1" 200 359 "http://localhost:4200/" "Mozilla/5.0 (Windows NT 10.0; Win64; x64) AppleWebKit/537.36 (KHTML, like Gecko) Chrome/90.0.4430.93 Safari/537.36"
::1 - - [12/May/2021:07:20:58 +0000] "GET /images/ketchup_1596212384132.jpg1620804058434.jpg HTTP/1.1" 200 28705 "http://localhost:4200/" "Mozilla/5.0 (Windows NT 10.0; Win64; x64) AppleWebKit/537.36 (KHTML, like Gecko) Chrome/90.0.4430.93 Safari/537.36"
::1 - - [12/May/2021:07:21:09 +0000] "OPTIONS /api/sauces/609b81daa62306270cd1b09f HTTP/1.1" 200 19 "http://localhost:4200/" "Mozilla/5.0 (Windows NT 10.0; Win64; x64) AppleWebKit/537.36 (KHTML, like Gecko) Chrome/90.0.4430.93 Safari/537.36"
::1 - - [12/May/2021:07:21:09 +0000] "GET /api/sauces/609b81daa62306270cd1b09f HTTP/1.1" 200 357 "http://localhost:4200/" "Mozilla/5.0 (Windows NT 10.0; Win64; x64) AppleWebKit/537.36 (KHTML, like Gecko) Chrome/90.0.4430.93 Safari/537.36"
::1 - - [12/May/2021:07:21:12 +0000] "GET /api/sauces/609b81daa62306270cd1b09f HTTP/1.1" 304 - "http://localhost:4200/" "Mozilla/5.0 (Windows NT 10.0; Win64; x64) AppleWebKit/537.36 (KHTML, like Gecko) Chrome/90.0.4430.93 Safari/537.36"
::1 - - [12/May/2021:07:21:20 +0000] "OPTIONS /api/sauces/609b81daa62306270cd1b09f HTTP/1.1" 200 19 "http://localhost:4200/" "Mozilla/5.0 (Windows NT 10.0; Win64; x64) AppleWebKit/537.36 (KHTML, like Gecko) Chrome/90.0.4430.93 Safari/537.36"
::1 - - [12/May/2021:07:21:20 +0000] "PUT /api/sauces/609b81daa62306270cd1b09f HTTP/1.1" 200 30 "http://localhost:4200/" "Mozilla/5.0 (Windows NT 10.0; Win64; x64) AppleWebKit/537.36 (KHTML, like Gecko) Chrome/90.0.4430.93 Safari/537.36"
::1 - - [12/May/2021:07:21:20 +0000] "OPTIONS /api/sauces HTTP/1.1" 200 13 "http://localhost:4200/" "Mozilla/5.0 (Windows NT 10.0; Win64; x64) AppleWebKit/537.36 (KHTML, like Gecko) Chrome/90.0.4430.93 Safari/537.36"
::1 - - [12/May/2021:07:21:20 +0000] "GET /api/sauces HTTP/1.1" 200 362 "http://localhost:4200/" "Mozilla/5.0 (Windows NT 10.0; Win64; x64) AppleWebKit/537.36 (KHTML, like Gecko) Chrome/90.0.4430.93 Safari/537.36"
::1 - - [12/May/2021:07:21:25 +0000] "OPTIONS /api/sauces/609b81daa62306270cd1b09f HTTP/1.1" 200 19 "http://localhost:4200/" "Mozilla/5.0 (Windows NT 10.0; Win64; x64) AppleWebKit/537.36 (KHTML, like Gecko) Chrome/90.0.4430.93 Safari/537.36"
::1 - - [12/May/2021:07:21:25 +0000] "GET /api/sauces/609b81daa62306270cd1b09f HTTP/1.1" 200 360 "http://localhost:4200/" "Mozilla/5.0 (Windows NT 10.0; Win64; x64) AppleWebKit/537.36 (KHTML, like Gecko) Chrome/90.0.4430.93 Safari/537.36"
::1 - - [12/May/2021:07:21:27 +0000] "GET /api/sauces/609b81daa62306270cd1b09f HTTP/1.1" 304 - "http://localhost:4200/" "Mozilla/5.0 (Windows NT 10.0; Win64; x64) AppleWebKit/537.36 (KHTML, like Gecko) Chrome/90.0.4430.93 Safari/537.36"
::1 - - [12/May/2021:07:21:38 +0000] "OPTIONS /api/sauces/609b81daa62306270cd1b09f HTTP/1.1" 200 19 "http://localhost:4200/" "Mozilla/5.0 (Windows NT 10.0; Win64; x64) AppleWebKit/537.36 (KHTML, like Gecko) Chrome/90.0.4430.93 Safari/537.36"
::1 - - [12/May/2021:07:21:38 +0000] "PUT /api/sauces/609b81daa62306270cd1b09f HTTP/1.1" 200 30 "http://localhost:4200/" "Mozilla/5.0 (Windows NT 10.0; Win64; x64) AppleWebKit/537.36 (KHTML, like Gecko) Chrome/90.0.4430.93 Safari/537.36"
::1 - - [12/May/2021:07:21:38 +0000] "OPTIONS /api/sauces HTTP/1.1" 200 13 "http://localhost:4200/" "Mozilla/5.0 (Windows NT 10.0; Win64; x64) AppleWebKit/537.36 (KHTML, like Gecko) Chrome/90.0.4430.93 Safari/537.36"
::1 - - [12/May/2021:07:21:38 +0000] "GET /api/sauces HTTP/1.1" 200 363 "http://localhost:4200/" "Mozilla/5.0 (Windows NT 10.0; Win64; x64) AppleWebKit/537.36 (KHTML, like Gecko) Chrome/90.0.4430.93 Safari/537.36"
::1 - - [12/May/2021:07:21:38 +0000] "GET /images/samourai_1596050130038.jpg1620804098099.jpg HTTP/1.1" 200 10184 "http://localhost:4200/" "Mozilla/5.0 (Windows NT 10.0; Win64; x64) AppleWebKit/537.36 (KHTML, like Gecko) Chrome/90.0.4430.93 Safari/537.36"
::1 - - [12/May/2021:07:21:41 +0000] "GET /api/sauces/609b81daa62306270cd1b09f HTTP/1.1" 200 361 "http://localhost:4200/" "Mozilla/5.0 (Windows NT 10.0; Win64; x64) AppleWebKit/537.36 (KHTML, like Gecko) Chrome/90.0.4430.93 Safari/537.36"
::1 - - [12/May/2021:07:21:46 +0000] "OPTIONS /api/sauces/609b81daa62306270cd1b09f/like HTTP/1.1" 200 4 "http://localhost:4200/" "Mozilla/5.0 (Windows NT 10.0; Win64; x64) AppleWebKit/537.36 (KHTML, like Gecko) Chrome/90.0.4430.93 Safari/537.36"
::1 - - [12/May/2021:07:21:46 +0000] "POST /api/sauces/609b81daa62306270cd1b09f/like HTTP/1.1" 200 28 "http://localhost:4200/" "Mozilla/5.0 (Windows NT 10.0; Win64; x64) AppleWebKit/537.36 (KHTML, like Gecko) Chrome/90.0.4430.93 Safari/537.36"
::1 - - [12/May/2021:07:21:50 +0000] "POST /api/sauces/609b81daa62306270cd1b09f/like HTTP/1.1" 200 28 "http://localhost:4200/" "Mozilla/5.0 (Windows NT 10.0; Win64; x64) AppleWebKit/537.36 (KHTML, like Gecko) Chrome/90.0.4430.93 Safari/537.36"
::1 - - [12/May/2021:07:21:53 +0000] "OPTIONS /api/sauces/609b81daa62306270cd1b09f/like HTTP/1.1" 200 4 "http://localhost:4200/" "Mozilla/5.0 (Windows NT 10.0; Win64; x64) AppleWebKit/537.36 (KHTML, like Gecko) Chrome/90.0.4430.93 Safari/537.36"
::1 - - [12/May/2021:07:21:54 +0000] "POST /api/sauces/609b81daa62306270cd1b09f/like HTTP/1.1" 200 28 "http://localhost:4200/" "Mozilla/5.0 (Windows NT 10.0; Win64; x64) AppleWebKit/537.36 (KHTML, like Gecko) Chrome/90.0.4430.93 Safari/537.36"
::1 - - [12/May/2021:07:21:56 +0000] "POST /api/sauces/609b81daa62306270cd1b09f/like HTTP/1.1" 200 28 "http://localhost:4200/" "Mozilla/5.0 (Windows NT 10.0; Win64; x64) AppleWebKit/537.36 (KHTML, like Gecko) Chrome/90.0.4430.93 Safari/537.36"
::1 - - [12/May/2021:07:22:02 +0000] "OPTIONS /api/sauces/609b81daa62306270cd1b09f HTTP/1.1" 200 19 "http://localhost:4200/" "Mozilla/5.0 (Windows NT 10.0; Win64; x64) AppleWebKit/537.36 (KHTML, like Gecko) Chrome/90.0.4430.93 Safari/537.36"
::1 - - [12/May/2021:07:22:02 +0000] "DELETE /api/sauces/609b81daa62306270cd1b09f HTTP/1.1" 200 32 "http://localhost:4200/" "Mozilla/5.0 (Windows NT 10.0; Win64; x64) AppleWebKit/537.36 (KHTML, like Gecko) Chrome/90.0.4430.93 Safari/537.36"
::1 - - [12/May/2021:07:22:02 +0000] "OPTIONS /api/sauces HTTP/1.1" 200 13 "http://localhost:4200/" "Mozilla/5.0 (Windows NT 10.0; Win64; x64) AppleWebKit/537.36 (KHTML, like Gecko) Chrome/90.0.4430.93 Safari/537.36"
::1 - - [12/May/2021:07:22:02 +0000] "GET /api/sauces HTTP/1.1" 200 2 "http://localhost:4200/" "Mozilla/5.0 (Windows NT 10.0; Win64; x64) AppleWebKit/537.36 (KHTML, like Gecko) Chrome/90.0.4430.93 Safari/537.36"
::1 - - [12/May/2021:08:15:58 +0000] "OPTIONS /api/auth/login HTTP/1.1" 200 4 "http://localhost:4200/" "Mozilla/5.0 (Windows NT 10.0; Win64; x64) AppleWebKit/537.36 (KHTML, like Gecko) Chrome/90.0.4430.93 Safari/537.36"
::1 - - [12/May/2021:08:15:58 +0000] "POST /api/auth/login HTTP/1.1" 200 224 "http://localhost:4200/" "Mozilla/5.0 (Windows NT 10.0; Win64; x64) AppleWebKit/537.36 (KHTML, like Gecko) Chrome/90.0.4430.93 Safari/537.36"
::1 - - [12/May/2021:08:15:58 +0000] "OPTIONS /api/sauces HTTP/1.1" 200 13 "http://localhost:4200/" "Mozilla/5.0 (Windows NT 10.0; Win64; x64) AppleWebKit/537.36 (KHTML, like Gecko) Chrome/90.0.4430.93 Safari/537.36"
::1 - - [12/May/2021:08:15:58 +0000] "GET /api/sauces HTTP/1.1" 304 - "http://localhost:4200/" "Mozilla/5.0 (Windows NT 10.0; Win64; x64) AppleWebKit/537.36 (KHTML, like Gecko) Chrome/90.0.4430.93 Safari/537.36"
